{
  "RSpec": {
    "coverage": {
      "/treasure_hunter/components/treasure_hunts/treasure_hunt.rb": [
        1,
        null,
        3,
        2,
        null,
        null,
        1,
        2,
        null,
        null
      ],
      "/treasure_hunter/app/models/application_record.rb": [
        1,
        1,
        null
      ],
      "/treasure_hunter/app/controllers/application_controller.rb": [
        1,
        null
      ],
      "/treasure_hunter/app/controllers/analytics_controller.rb": [
        1,
        1,
        null,
        1,
        1,
        1,
        null,
        null,
        1,
        1,
        null,
        null,
        1,
        3,
        3,
        2,
        2,
        2,
        2,
        2,
        2,
        null,
        null,
        1,
        null,
        6,
        null,
        0,
        null,
        null,
        null
      ],
      "/treasure_hunter/components/treasure_hunts/treasure_hunt_service.rb": [
        1,
        null,
        1,
        1,
        null,
        null,
        1,
        2,
        2,
        2,
        2,
        null,
        null,
        1,
        2,
        null,
        2,
        2,
        2,
        null,
        2,
        2,
        null,
        6,
        6,
        null,
        2,
        2,
        2,
        2,
        2,
        2,
        null,
        0,
        null,
        null,
        null,
        1,
        null,
        1,
        2,
        1,
        1,
        1,
        null,
        null,
        null,
        null,
        null,
        1,
        null,
        null,
        1,
        2,
        null,
        null,
        null,
        null,
        null,
        null
      ],
      "/treasure_hunter/app/controllers/treasure_hunt_controller.rb": [
        1,
        1,
        null,
        1,
        1,
        1,
        0,
        null,
        1,
        null,
        null,
        null,
        1,
        null,
        1,
        2,
        2,
        2,
        2,
        2,
        2,
        null,
        null
      ],
      "/treasure_hunter/app/mailers/position_mailer.rb": [
        0,
        null,
        0,
        0,
        0,
        0,
        0,
        0
      ],
      "/treasure_hunter/app/mailers/application_mailer.rb": [
        0,
        0,
        0,
        0
      ],
      "/treasure_hunter/app/jobs/application_job.rb": [
        0,
        0
      ],
      "/treasure_hunter/app/channels/application_cable/connection.rb": [
        0,
        0,
        0,
        0
      ],
      "/treasure_hunter/app/channels/application_cable/channel.rb": [
        0,
        0,
        0,
        0
      ]
    },
    "timestamp": 1649018459
  }
}
